2026-02-14 20:20:09,113 | INFO | Logging to: /home/e20212/FYP/experiments/logs/cnn1d_TUAB_preprocessed_20260214_202008.log
2026-02-14 20:20:09,113 | INFO | ========== RUN START ==========
2026-02-14 20:20:09,113 | INFO | FYP root: /home/e20212/FYP
2026-02-14 20:20:09,113 | INFO | Data dir: /home/e20212/FYP/data/TUAB_preprocessed
2026-02-14 20:20:09,114 | INFO | Train dir exists: True | /home/e20212/FYP/data/TUAB_preprocessed/train
2026-02-14 20:20:09,115 | INFO | Eval dir exists : True | /home/e20212/FYP/data/TUAB_preprocessed/eval
2026-02-14 20:20:09,115 | INFO | Python: 3.9.25 (main, Nov  3 2025, 22:33:05) 
[GCC 11.2.0]
2026-02-14 20:20:09,155 | INFO | Device: cuda
2026-02-14 20:20:09,155 | INFO | CUDA available: True
2026-02-14 20:20:09,189 | INFO | GPU: NVIDIA RTX 6000 Ada Generation
2026-02-14 20:20:24,092 | WARNING | Multiple meta matches for X_0.npy (n=2186). Using: meta_0.csv
2026-02-14 20:20:24,412 | INFO | Paired X_0.npy (n=2186) <-> meta_0.csv using label col 'label'
2026-02-14 20:20:24,564 | WARNING | Multiple meta matches for X_1.npy (n=2231). Using: meta_1.csv
2026-02-14 20:20:24,570 | INFO | Paired X_1.npy (n=2231) <-> meta_1.csv using label col 'label'
2026-02-14 20:20:24,669 | WARNING | Multiple meta matches for X_10.npy (n=2131). Using: meta_10.csv
2026-02-14 20:20:24,677 | INFO | Paired X_10.npy (n=2131) <-> meta_10.csv using label col 'label'
2026-02-14 20:20:24,781 | WARNING | Multiple meta matches for X_100.npy (n=2134). Using: meta_100.csv
2026-02-14 20:20:24,787 | INFO | Paired X_100.npy (n=2134) <-> meta_100.csv using label col 'label'
2026-02-14 20:20:24,922 | INFO | Paired X_101.npy (n=2132) <-> meta_101.csv using label col 'label'
2026-02-14 20:20:25,017 | WARNING | Multiple meta matches for X_102.npy (n=2224). Using: meta_102.csv
2026-02-14 20:20:25,023 | INFO | Paired X_102.npy (n=2224) <-> meta_102.csv using label col 'label'
2026-02-14 20:20:25,113 | WARNING | Multiple meta matches for X_103.npy (n=2120). Using: meta_103.csv
2026-02-14 20:20:25,121 | INFO | Paired X_103.npy (n=2120) <-> meta_103.csv using label col 'label'
2026-02-14 20:20:25,241 | INFO | Paired X_104.npy (n=2244) <-> meta_104.csv using label col 'label'
2026-02-14 20:20:25,333 | INFO | Paired X_105.npy (n=2058) <-> meta_105.csv using label col 'label'
2026-02-14 20:20:25,452 | INFO | Paired X_106.npy (n=2130) <-> meta_106.csv using label col 'label'
2026-02-14 20:20:25,559 | WARNING | Multiple meta matches for X_107.npy (n=2020). Using: meta_107.csv
2026-02-14 20:20:25,565 | INFO | Paired X_107.npy (n=2020) <-> meta_107.csv using label col 'label'
2026-02-14 20:20:25,642 | WARNING | Multiple meta matches for X_108.npy (n=2162). Using: meta_108.csv
2026-02-14 20:20:25,649 | INFO | Paired X_108.npy (n=2162) <-> meta_108.csv using label col 'label'
2026-02-14 20:20:25,738 | INFO | Paired X_109.npy (n=2248) <-> meta_109.csv using label col 'label'
2026-02-14 20:20:25,850 | INFO | Paired X_11.npy (n=2153) <-> meta_11.csv using label col 'label'
2026-02-14 20:20:25,950 | INFO | Paired X_110.npy (n=2045) <-> meta_110.csv using label col 'label'
2026-02-14 20:20:26,035 | INFO | Paired X_111.npy (n=2026) <-> meta_111.csv using label col 'label'
2026-02-14 20:20:26,125 | INFO | Paired X_112.npy (n=2163) <-> meta_112.csv using label col 'label'
2026-02-14 20:20:26,215 | WARNING | Multiple meta matches for X_113.npy (n=2003). Using: meta_113.csv
2026-02-14 20:20:26,223 | INFO | Paired X_113.npy (n=2003) <-> meta_113.csv using label col 'label'
2026-02-14 20:20:26,333 | INFO | Paired X_114.npy (n=2119) <-> meta_114.csv using label col 'label'
2026-02-14 20:20:26,419 | INFO | Paired X_115.npy (n=2110) <-> meta_115.csv using label col 'label'
2026-02-14 20:20:26,513 | INFO | Paired X_116.npy (n=2129) <-> meta_116.csv using label col 'label'
2026-02-14 20:20:28,029 | INFO | Paired X_117.npy (n=2037) <-> meta_117.csv using label col 'label'
2026-02-14 20:20:28,110 | INFO | Paired X_118.npy (n=2191) <-> meta_118.csv using label col 'label'
2026-02-14 20:20:28,187 | WARNING | Multiple meta matches for X_119.npy (n=2074). Using: meta_119.csv
2026-02-14 20:20:28,192 | INFO | Paired X_119.npy (n=2074) <-> meta_119.csv using label col 'label'
2026-02-14 20:20:28,279 | WARNING | Multiple meta matches for X_12.npy (n=2226). Using: meta_12.csv
2026-02-14 20:20:28,285 | INFO | Paired X_12.npy (n=2226) <-> meta_12.csv using label col 'label'
2026-02-14 20:20:28,382 | INFO | Paired X_120.npy (n=2262) <-> meta_120.csv using label col 'label'
2026-02-14 20:20:28,509 | INFO | Paired X_121.npy (n=2165) <-> meta_121.csv using label col 'label'
2026-02-14 20:20:28,586 | WARNING | Multiple meta matches for X_122.npy (n=2120). Using: meta_103.csv
2026-02-14 20:20:28,591 | INFO | Paired X_122.npy (n=2120) <-> meta_103.csv using label col 'label'
2026-02-14 20:20:28,698 | INFO | Paired X_123.npy (n=2361) <-> meta_123.csv using label col 'label'
2026-02-14 20:20:28,806 | INFO | Paired X_124.npy (n=2197) <-> meta_124.csv using label col 'label'
2026-02-14 20:20:28,917 | INFO | Paired X_125.npy (n=2041) <-> meta_125.csv using label col 'label'
2026-02-14 20:20:29,012 | WARNING | Multiple meta matches for X_126.npy (n=2214). Using: meta_126.csv
2026-02-14 20:20:29,018 | INFO | Paired X_126.npy (n=2214) <-> meta_126.csv using label col 'label'
2026-02-14 20:20:29,131 | INFO | Paired X_127.npy (n=2023) <-> meta_127.csv using label col 'label'
2026-02-14 20:20:29,237 | WARNING | Multiple meta matches for X_128.npy (n=2140). Using: meta_128.csv
2026-02-14 20:20:29,243 | INFO | Paired X_128.npy (n=2140) <-> meta_128.csv using label col 'label'
2026-02-14 20:20:29,337 | WARNING | Multiple meta matches for X_129.npy (n=2186). Using: meta_0.csv
2026-02-14 20:20:29,343 | INFO | Paired X_129.npy (n=2186) <-> meta_0.csv using label col 'label'
2026-02-14 20:20:29,466 | WARNING | Multiple meta matches for X_13.npy (n=2063). Using: meta_13.csv
2026-02-14 20:20:29,475 | INFO | Paired X_13.npy (n=2063) <-> meta_13.csv using label col 'label'
2026-02-14 20:20:29,572 | WARNING | Multiple meta matches for X_130.npy (n=2127). Using: meta_130.csv
2026-02-14 20:20:29,577 | INFO | Paired X_130.npy (n=2127) <-> meta_130.csv using label col 'label'
2026-02-14 20:20:29,676 | INFO | Paired X_131.npy (n=2102) <-> meta_131.csv using label col 'label'
2026-02-14 20:20:29,785 | INFO | Paired X_132.npy (n=2169) <-> meta_132.csv using label col 'label'
2026-02-14 20:20:29,894 | WARNING | Multiple meta matches for X_133.npy (n=2120). Using: meta_103.csv
2026-02-14 20:20:29,902 | INFO | Paired X_133.npy (n=2120) <-> meta_103.csv using label col 'label'
2026-02-14 20:20:30,016 | WARNING | Multiple meta matches for X_134.npy (n=2226). Using: meta_12.csv
2026-02-14 20:20:30,024 | INFO | Paired X_134.npy (n=2226) <-> meta_12.csv using label col 'label'
2026-02-14 20:20:30,131 | WARNING | Multiple meta matches for X_135.npy (n=2158). Using: meta_135.csv
2026-02-14 20:20:30,139 | INFO | Paired X_135.npy (n=2158) <-> meta_135.csv using label col 'label'
2026-02-14 20:20:30,256 | INFO | Paired X_136.npy (n=2178) <-> meta_136.csv using label col 'label'
2026-02-14 20:20:30,384 | WARNING | Multiple meta matches for X_137.npy (n=2162). Using: meta_108.csv
2026-02-14 20:20:30,393 | INFO | Paired X_137.npy (n=2162) <-> meta_108.csv using label col 'label'
2026-02-14 20:20:30,504 | WARNING | Multiple meta matches for X_138.npy (n=2157). Using: meta_138.csv
2026-02-14 20:20:30,512 | INFO | Paired X_138.npy (n=2157) <-> meta_138.csv using label col 'label'
2026-02-14 20:20:30,634 | INFO | Paired X_139.npy (n=2159) <-> meta_139.csv using label col 'label'
2026-02-14 20:20:30,739 | WARNING | Multiple meta matches for X_14.npy (n=2022). Using: meta_14.csv
2026-02-14 20:20:30,747 | INFO | Paired X_14.npy (n=2022) <-> meta_14.csv using label col 'label'
2026-02-14 20:20:30,860 | WARNING | Multiple meta matches for X_140.npy (n=2224). Using: meta_102.csv
2026-02-14 20:20:30,869 | INFO | Paired X_140.npy (n=2224) <-> meta_102.csv using label col 'label'
2026-02-14 20:20:30,978 | WARNING | Multiple meta matches for X_141.npy (n=2214). Using: meta_126.csv
2026-02-14 20:20:30,986 | INFO | Paired X_141.npy (n=2214) <-> meta_126.csv using label col 'label'
2026-02-14 20:20:31,089 | WARNING | Multiple meta matches for X_142.npy (n=2003). Using: meta_113.csv
2026-02-14 20:20:31,097 | INFO | Paired X_142.npy (n=2003) <-> meta_113.csv using label col 'label'
2026-02-14 20:20:31,217 | WARNING | Multiple meta matches for X_143.npy (n=2095). Using: meta_143.csv
2026-02-14 20:20:31,225 | INFO | Paired X_143.npy (n=2095) <-> meta_143.csv using label col 'label'
2026-02-14 20:20:31,334 | WARNING | Multiple meta matches for X_144.npy (n=2219). Using: meta_144.csv
2026-02-14 20:20:31,343 | INFO | Paired X_144.npy (n=2219) <-> meta_144.csv using label col 'label'
2026-02-14 20:20:31,461 | INFO | Paired X_145.npy (n=2203) <-> meta_145.csv using label col 'label'
2026-02-14 20:20:31,565 | WARNING | Multiple meta matches for X_146.npy (n=2049). Using: meta_146.csv
2026-02-14 20:20:31,574 | INFO | Paired X_146.npy (n=2049) <-> meta_146.csv using label col 'label'
2026-02-14 20:20:31,690 | WARNING | Multiple meta matches for X_147.npy (n=2040). Using: meta_147.csv
2026-02-14 20:20:31,698 | INFO | Paired X_147.npy (n=2040) <-> meta_147.csv using label col 'label'
2026-02-14 20:20:31,805 | WARNING | Multiple meta matches for X_148.npy (n=2096). Using: meta_148.csv
2026-02-14 20:20:31,813 | INFO | Paired X_148.npy (n=2096) <-> meta_148.csv using label col 'label'
2026-02-14 20:20:31,922 | WARNING | Multiple meta matches for X_149.npy (n=2127). Using: meta_130.csv
2026-02-14 20:20:31,930 | INFO | Paired X_149.npy (n=2127) <-> meta_130.csv using label col 'label'
2026-02-14 20:20:32,042 | WARNING | Multiple meta matches for X_15.npy (n=2053). Using: meta_15.csv
2026-02-14 20:20:32,050 | INFO | Paired X_15.npy (n=2053) <-> meta_15.csv using label col 'label'
2026-02-14 20:20:32,178 | INFO | Paired X_150.npy (n=2179) <-> meta_150.csv using label col 'label'
2026-02-14 20:20:32,288 | WARNING | Multiple meta matches for X_151.npy (n=2224). Using: meta_102.csv
2026-02-14 20:20:32,296 | INFO | Paired X_151.npy (n=2224) <-> meta_102.csv using label col 'label'
2026-02-14 20:20:32,404 | INFO | Paired X_152.npy (n=2177) <-> meta_152.csv using label col 'label'
2026-02-14 20:20:32,507 | WARNING | Multiple meta matches for X_153.npy (n=2219). Using: meta_144.csv
2026-02-14 20:20:32,516 | INFO | Paired X_153.npy (n=2219) <-> meta_144.csv using label col 'label'
2026-02-14 20:20:32,639 | WARNING | Multiple meta matches for X_154.npy (n=2226). Using: meta_12.csv
2026-02-14 20:20:32,645 | INFO | Paired X_154.npy (n=2226) <-> meta_12.csv using label col 'label'
2026-02-14 20:20:32,730 | INFO | Paired X_155.npy (n=2056) <-> meta_155.csv using label col 'label'
2026-02-14 20:20:32,829 | INFO | Paired X_156.npy (n=2349) <-> meta_156.csv using label col 'label'
2026-02-14 20:20:32,932 | WARNING | Multiple meta matches for X_157.npy (n=2083). Using: meta_157.csv
2026-02-14 20:20:32,941 | INFO | Paired X_157.npy (n=2083) <-> meta_157.csv using label col 'label'
2026-02-14 20:20:33,063 | WARNING | Multiple meta matches for X_158.npy (n=2097). Using: meta_158.csv
2026-02-14 20:20:33,072 | INFO | Paired X_158.npy (n=2097) <-> meta_158.csv using label col 'label'
2026-02-14 20:20:33,166 | INFO | Paired X_159.npy (n=4258) <-> meta_159.csv using label col 'label'
2026-02-14 20:20:33,276 | INFO | Paired X_16.npy (n=2206) <-> meta_16.csv using label col 'label'
2026-02-14 20:20:33,388 | WARNING | Multiple meta matches for X_160.npy (n=2140). Using: meta_128.csv
2026-02-14 20:20:33,396 | INFO | Paired X_160.npy (n=2140) <-> meta_128.csv using label col 'label'
2026-02-14 20:20:33,476 | WARNING | Multiple meta matches for X_161.npy (n=2145). Using: meta_161.csv
2026-02-14 20:20:33,484 | INFO | Paired X_161.npy (n=2145) <-> meta_161.csv using label col 'label'
2026-02-14 20:20:33,576 | WARNING | Multiple meta matches for X_162.npy (n=2134). Using: meta_100.csv
2026-02-14 20:20:33,582 | INFO | Paired X_162.npy (n=2134) <-> meta_100.csv using label col 'label'
2026-02-14 20:20:33,691 | WARNING | Multiple meta matches for X_163.npy (n=2049). Using: meta_146.csv
2026-02-14 20:20:33,700 | INFO | Paired X_163.npy (n=2049) <-> meta_146.csv using label col 'label'
2026-02-14 20:20:33,816 | INFO | Paired X_164.npy (n=2249) <-> meta_164.csv using label col 'label'
2026-02-14 20:20:33,912 | INFO | Paired X_165.npy (n=2246) <-> meta_165.csv using label col 'label'
2026-02-14 20:20:34,020 | INFO | Paired X_166.npy (n=2039) <-> meta_166.csv using label col 'label'
2026-02-14 20:20:34,121 | INFO | Paired X_167.npy (n=2188) <-> meta_167.csv using label col 'label'
2026-02-14 20:20:34,217 | INFO | Paired X_168.npy (n=2144) <-> meta_168.csv using label col 'label'
2026-02-14 20:20:34,308 | INFO | Paired X_169.npy (n=2104) <-> meta_169.csv using label col 'label'
2026-02-14 20:20:34,410 | WARNING | Multiple meta matches for X_17.npy (n=2215). Using: meta_17.csv
2026-02-14 20:20:34,418 | INFO | Paired X_17.npy (n=2215) <-> meta_17.csv using label col 'label'
2026-02-14 20:20:34,534 | WARNING | Multiple meta matches for X_170.npy (n=2097). Using: meta_158.csv
2026-02-14 20:20:34,540 | INFO | Paired X_170.npy (n=2097) <-> meta_158.csv using label col 'label'
2026-02-14 20:20:34,622 | WARNING | Multiple meta matches for X_171.npy (n=2219). Using: meta_144.csv
2026-02-14 20:20:34,628 | INFO | Paired X_171.npy (n=2219) <-> meta_144.csv using label col 'label'
2026-02-14 20:20:34,745 | INFO | Paired X_172.npy (n=2035) <-> meta_172.csv using label col 'label'
2026-02-14 20:20:34,861 | INFO | Paired X_173.npy (n=2038) <-> meta_173.csv using label col 'label'
2026-02-14 20:20:34,947 | INFO | Paired X_174.npy (n=2015) <-> meta_174.csv using label col 'label'
2026-02-14 20:20:35,048 | WARNING | Multiple meta matches for X_175.npy (n=2145). Using: meta_161.csv
2026-02-14 20:20:35,056 | INFO | Paired X_175.npy (n=2145) <-> meta_161.csv using label col 'label'
2026-02-14 20:20:37,568 | WARNING | Multiple meta matches for X_176.npy (n=2215). Using: meta_17.csv
2026-02-14 20:20:37,574 | INFO | Paired X_176.npy (n=2215) <-> meta_17.csv using label col 'label'
2026-02-14 20:20:38,489 | INFO | Paired X_177.npy (n=2278) <-> meta_177.csv using label col 'label'
2026-02-14 20:20:38,574 | INFO | Paired X_178.npy (n=2065) <-> meta_178.csv using label col 'label'
2026-02-14 20:20:38,656 | INFO | Paired X_179.npy (n=1807) <-> meta_179.csv using label col 'label'
2026-02-14 20:20:38,767 | INFO | Paired X_18.npy (n=2194) <-> meta_18.csv using label col 'label'
2026-02-14 20:20:38,887 | WARNING | Multiple meta matches for X_19.npy (n=2241). Using: meta_19.csv
2026-02-14 20:20:38,896 | INFO | Paired X_19.npy (n=2241) <-> meta_19.csv using label col 'label'
2026-02-14 20:20:38,992 | WARNING | Multiple meta matches for X_2.npy (n=2096). Using: meta_148.csv
2026-02-14 20:20:38,998 | INFO | Paired X_2.npy (n=2096) <-> meta_148.csv using label col 'label'
2026-02-14 20:20:39,084 | WARNING | Multiple meta matches for X_20.npy (n=2219). Using: meta_144.csv
2026-02-14 20:20:39,090 | INFO | Paired X_20.npy (n=2219) <-> meta_144.csv using label col 'label'
2026-02-14 20:20:39,192 | WARNING | Multiple meta matches for X_21.npy (n=2063). Using: meta_13.csv
2026-02-14 20:20:39,201 | INFO | Paired X_21.npy (n=2063) <-> meta_13.csv using label col 'label'
2026-02-14 20:20:39,322 | INFO | Paired X_22.npy (n=2060) <-> meta_22.csv using label col 'label'
2026-02-14 20:20:39,409 | INFO | Paired X_23.npy (n=2146) <-> meta_23.csv using label col 'label'
2026-02-14 20:20:39,518 | WARNING | Multiple meta matches for X_24.npy (n=2061). Using: meta_24.csv
2026-02-14 20:20:39,526 | INFO | Paired X_24.npy (n=2061) <-> meta_24.csv using label col 'label'
2026-02-14 20:20:39,663 | INFO | Paired X_25.npy (n=2088) <-> meta_25.csv using label col 'label'
2026-02-14 20:20:39,772 | WARNING | Multiple meta matches for X_26.npy (n=2158). Using: meta_135.csv
2026-02-14 20:20:39,780 | INFO | Paired X_26.npy (n=2158) <-> meta_135.csv using label col 'label'
2026-02-14 20:20:39,888 | WARNING | Multiple meta matches for X_27.npy (n=2120). Using: meta_103.csv
2026-02-14 20:20:39,894 | INFO | Paired X_27.npy (n=2120) <-> meta_103.csv using label col 'label'
2026-02-14 20:20:39,981 | INFO | Paired X_28.npy (n=2238) <-> meta_28.csv using label col 'label'
2026-02-14 20:20:40,079 | WARNING | Multiple meta matches for X_29.npy (n=2040). Using: meta_147.csv
2026-02-14 20:20:40,085 | INFO | Paired X_29.npy (n=2040) <-> meta_147.csv using label col 'label'
2026-02-14 20:20:40,185 | WARNING | Multiple meta matches for X_3.npy (n=2070). Using: meta_3.csv
2026-02-14 20:20:40,192 | INFO | Paired X_3.npy (n=2070) <-> meta_3.csv using label col 'label'
2026-02-14 20:20:40,286 | INFO | Paired X_30.npy (n=2068) <-> meta_30.csv using label col 'label'
2026-02-14 20:20:40,393 | WARNING | Multiple meta matches for X_31.npy (n=2020). Using: meta_107.csv
2026-02-14 20:20:40,401 | INFO | Paired X_31.npy (n=2020) <-> meta_107.csv using label col 'label'
2026-02-14 20:20:40,509 | INFO | Paired X_32.npy (n=2009) <-> meta_32.csv using label col 'label'
2026-02-14 20:20:40,628 | WARNING | Multiple meta matches for X_33.npy (n=2131). Using: meta_10.csv
2026-02-14 20:20:40,634 | INFO | Paired X_33.npy (n=2131) <-> meta_10.csv using label col 'label'
2026-02-14 20:20:40,726 | INFO | Paired X_34.npy (n=2071) <-> meta_34.csv using label col 'label'
2026-02-14 20:20:40,831 | WARNING | Multiple meta matches for X_35.npy (n=2158). Using: meta_135.csv
2026-02-14 20:20:40,839 | INFO | Paired X_35.npy (n=2158) <-> meta_135.csv using label col 'label'
2026-02-14 20:20:40,948 | INFO | Paired X_36.npy (n=2031) <-> meta_36.csv using label col 'label'
2026-02-14 20:20:41,033 | INFO | Paired X_37.npy (n=2456) <-> meta_37.csv using label col 'label'
2026-02-14 20:20:41,152 | INFO | Paired X_38.npy (n=2273) <-> meta_38.csv using label col 'label'
2026-02-14 20:20:41,257 | WARNING | Multiple meta matches for X_39.npy (n=2145). Using: meta_161.csv
2026-02-14 20:20:41,264 | INFO | Paired X_39.npy (n=2145) <-> meta_161.csv using label col 'label'
2026-02-14 20:20:41,361 | INFO | Paired X_4.npy (n=2312) <-> meta_4.csv using label col 'label'
2026-02-14 20:20:41,466 | INFO | Paired X_40.npy (n=2018) <-> meta_40.csv using label col 'label'
2026-02-14 20:20:41,590 | INFO | Paired X_41.npy (n=2010) <-> meta_41.csv using label col 'label'
2026-02-14 20:20:41,694 | WARNING | Multiple meta matches for X_42.npy (n=2070). Using: meta_3.csv
2026-02-14 20:20:41,699 | INFO | Paired X_42.npy (n=2070) <-> meta_3.csv using label col 'label'
2026-02-14 20:20:41,800 | INFO | Paired X_43.npy (n=2189) <-> meta_43.csv using label col 'label'
2026-02-14 20:20:41,892 | INFO | Paired X_44.npy (n=2242) <-> meta_44.csv using label col 'label'
2026-02-14 20:20:41,982 | WARNING | Multiple meta matches for X_45.npy (n=2080). Using: meta_45.csv
2026-02-14 20:20:41,991 | INFO | Paired X_45.npy (n=2080) <-> meta_45.csv using label col 'label'
2026-02-14 20:20:42,104 | INFO | Paired X_46.npy (n=2100) <-> meta_46.csv using label col 'label'
2026-02-14 20:20:42,226 | INFO | Paired X_47.npy (n=2258) <-> meta_47.csv using label col 'label'
2026-02-14 20:20:42,336 | WARNING | Multiple meta matches for X_48.npy (n=2231). Using: meta_1.csv
2026-02-14 20:20:42,344 | INFO | Paired X_48.npy (n=2231) <-> meta_1.csv using label col 'label'
2026-02-14 20:20:42,444 | WARNING | Multiple meta matches for X_49.npy (n=2053). Using: meta_15.csv
2026-02-14 20:20:42,450 | INFO | Paired X_49.npy (n=2053) <-> meta_15.csv using label col 'label'
2026-02-14 20:20:42,541 | WARNING | Multiple meta matches for X_5.npy (n=2131). Using: meta_10.csv
2026-02-14 20:20:42,549 | INFO | Paired X_5.npy (n=2131) <-> meta_10.csv using label col 'label'
2026-02-14 20:20:42,671 | WARNING | Multiple meta matches for X_50.npy (n=2074). Using: meta_119.csv
2026-02-14 20:20:42,679 | INFO | Paired X_50.npy (n=2074) <-> meta_119.csv using label col 'label'
2026-02-14 20:20:42,769 | WARNING | Multiple meta matches for X_51.npy (n=2022). Using: meta_14.csv
2026-02-14 20:20:42,775 | INFO | Paired X_51.npy (n=2022) <-> meta_14.csv using label col 'label'
2026-02-14 20:20:42,881 | INFO | Paired X_52.npy (n=3345) <-> meta_52.csv using label col 'label'
2026-02-14 20:20:43,014 | WARNING | Multiple meta matches for X_53.npy (n=2075). Using: meta_53.csv
2026-02-14 20:20:43,022 | INFO | Paired X_53.npy (n=2075) <-> meta_53.csv using label col 'label'
2026-02-14 20:20:43,131 | INFO | Paired X_54.npy (n=2228) <-> meta_54.csv using label col 'label'
2026-02-14 20:20:43,235 | INFO | Paired X_55.npy (n=2125) <-> meta_55.csv using label col 'label'
2026-02-14 20:20:43,364 | INFO | Paired X_56.npy (n=2308) <-> meta_56.csv using label col 'label'
2026-02-14 20:20:43,551 | INFO | Paired X_57.npy (n=2011) <-> meta_57.csv using label col 'label'
2026-02-14 20:20:43,649 | INFO | Paired X_58.npy (n=2113) <-> meta_58.csv using label col 'label'
2026-02-14 20:20:43,735 | WARNING | Multiple meta matches for X_59.npy (n=2061). Using: meta_24.csv
2026-02-14 20:20:43,741 | INFO | Paired X_59.npy (n=2061) <-> meta_24.csv using label col 'label'
2026-02-14 20:20:44,788 | INFO | Paired X_6.npy (n=2086) <-> meta_6.csv using label col 'label'
2026-02-14 20:20:44,919 | INFO | Paired X_60.npy (n=2030) <-> meta_60.csv using label col 'label'
2026-02-14 20:20:45,017 | WARNING | Multiple meta matches for X_61.npy (n=2186). Using: meta_0.csv
2026-02-14 20:20:45,023 | INFO | Paired X_61.npy (n=2186) <-> meta_0.csv using label col 'label'
2026-02-14 20:20:45,121 | WARNING | Multiple meta matches for X_62.npy (n=2241). Using: meta_19.csv
2026-02-14 20:20:45,130 | INFO | Paired X_62.npy (n=2241) <-> meta_19.csv using label col 'label'
2026-02-14 20:20:45,242 | INFO | Paired X_63.npy (n=2190) <-> meta_63.csv using label col 'label'
2026-02-14 20:20:45,338 | WARNING | Multiple meta matches for X_64.npy (n=2221). Using: meta_64.csv
2026-02-14 20:20:45,344 | INFO | Paired X_64.npy (n=2221) <-> meta_64.csv using label col 'label'
2026-02-14 20:20:45,440 | INFO | Paired X_65.npy (n=2099) <-> meta_65.csv using label col 'label'
2026-02-14 20:20:45,529 | WARNING | Multiple meta matches for X_66.npy (n=2237). Using: meta_66.csv
2026-02-14 20:20:45,535 | INFO | Paired X_66.npy (n=2237) <-> meta_66.csv using label col 'label'
2026-02-14 20:20:45,652 | INFO | Paired X_67.npy (n=2057) <-> meta_67.csv using label col 'label'
2026-02-14 20:20:45,761 | INFO | Paired X_68.npy (n=2090) <-> meta_68.csv using label col 'label'
2026-02-14 20:20:45,861 | INFO | Paired X_69.npy (n=2101) <-> meta_69.csv using label col 'label'
2026-02-14 20:20:45,962 | WARNING | Multiple meta matches for X_7.npy (n=2221). Using: meta_64.csv
2026-02-14 20:20:45,968 | INFO | Paired X_7.npy (n=2221) <-> meta_64.csv using label col 'label'
2026-02-14 20:20:48,547 | INFO | Paired X_70.npy (n=2046) <-> meta_70.csv using label col 'label'
2026-02-14 20:20:48,639 | WARNING | Multiple meta matches for X_71.npy (n=2034). Using: meta_71.csv
2026-02-14 20:20:48,645 | INFO | Paired X_71.npy (n=2034) <-> meta_71.csv using label col 'label'
2026-02-14 20:20:48,744 | INFO | Paired X_72.npy (n=2969) <-> meta_72.csv using label col 'label'
2026-02-14 20:20:48,861 | INFO | Paired X_73.npy (n=2227) <-> meta_73.csv using label col 'label'
2026-02-14 20:20:48,953 | INFO | Paired X_74.npy (n=2229) <-> meta_74.csv using label col 'label'
2026-02-14 20:20:49,038 | INFO | Paired X_75.npy (n=2293) <-> meta_75.csv using label col 'label'
2026-02-14 20:20:49,135 | INFO | Paired X_76.npy (n=2548) <-> meta_76.csv using label col 'label'
2026-02-14 20:20:49,223 | INFO | Paired X_77.npy (n=2079) <-> meta_77.csv using label col 'label'
2026-02-14 20:20:49,327 | INFO | Paired X_78.npy (n=2213) <-> meta_78.csv using label col 'label'
2026-02-14 20:20:49,420 | WARNING | Multiple meta matches for X_79.npy (n=2083). Using: meta_157.csv
2026-02-14 20:20:49,427 | INFO | Paired X_79.npy (n=2083) <-> meta_157.csv using label col 'label'
2026-02-14 20:20:49,542 | INFO | Paired X_8.npy (n=2193) <-> meta_8.csv using label col 'label'
2026-02-14 20:20:49,645 | INFO | Paired X_80.npy (n=2089) <-> meta_80.csv using label col 'label'
2026-02-14 20:20:49,752 | WARNING | Multiple meta matches for X_81.npy (n=2237). Using: meta_66.csv
2026-02-14 20:20:49,761 | INFO | Paired X_81.npy (n=2237) <-> meta_66.csv using label col 'label'
2026-02-14 20:20:49,858 | INFO | Paired X_82.npy (n=2044) <-> meta_82.csv using label col 'label'
2026-02-14 20:20:49,959 | INFO | Paired X_83.npy (n=2091) <-> meta_83.csv using label col 'label'
2026-02-14 20:20:50,054 | INFO | Paired X_84.npy (n=2168) <-> meta_84.csv using label col 'label'
2026-02-14 20:20:50,162 | INFO | Paired X_85.npy (n=2029) <-> meta_85.csv using label col 'label'
2026-02-14 20:20:50,269 | WARNING | Multiple meta matches for X_86.npy (n=2157). Using: meta_138.csv
2026-02-14 20:20:50,277 | INFO | Paired X_86.npy (n=2157) <-> meta_138.csv using label col 'label'
2026-02-14 20:20:50,391 | INFO | Paired X_87.npy (n=2084) <-> meta_87.csv using label col 'label'
2026-02-14 20:20:50,479 | WARNING | Multiple meta matches for X_88.npy (n=2095). Using: meta_143.csv
2026-02-14 20:20:50,486 | INFO | Paired X_88.npy (n=2095) <-> meta_143.csv using label col 'label'
2026-02-14 20:20:50,582 | WARNING | Multiple meta matches for X_89.npy (n=2226). Using: meta_12.csv
2026-02-14 20:20:50,591 | INFO | Paired X_89.npy (n=2226) <-> meta_12.csv using label col 'label'
2026-02-14 20:20:50,716 | INFO | Paired X_9.npy (n=2141) <-> meta_9.csv using label col 'label'
2026-02-14 20:20:50,806 | WARNING | Multiple meta matches for X_90.npy (n=2080). Using: meta_45.csv
2026-02-14 20:20:50,812 | INFO | Paired X_90.npy (n=2080) <-> meta_45.csv using label col 'label'
2026-02-14 20:20:50,895 | INFO | Paired X_91.npy (n=2225) <-> meta_91.csv using label col 'label'
2026-02-14 20:20:51,007 | INFO | Paired X_92.npy (n=2170) <-> meta_92.csv using label col 'label'
2026-02-14 20:20:51,115 | INFO | Paired X_93.npy (n=2028) <-> meta_93.csv using label col 'label'
2026-02-14 20:20:51,213 | INFO | Paired X_94.npy (n=2161) <-> meta_94.csv using label col 'label'
2026-02-14 20:20:51,326 | INFO | Paired X_95.npy (n=2236) <-> meta_95.csv using label col 'label'
2026-02-14 20:20:51,423 | WARNING | Multiple meta matches for X_96.npy (n=2034). Using: meta_71.csv
2026-02-14 20:20:51,430 | INFO | Paired X_96.npy (n=2034) <-> meta_71.csv using label col 'label'
2026-02-14 20:20:51,522 | INFO | Paired X_97.npy (n=2027) <-> meta_97.csv using label col 'label'
2026-02-14 20:20:51,604 | INFO | Paired X_98.npy (n=2051) <-> meta_98.csv using label col 'label'
2026-02-14 20:20:51,699 | WARNING | Multiple meta matches for X_99.npy (n=2075). Using: meta_53.csv
2026-02-14 20:20:51,707 | INFO | Paired X_99.npy (n=2075) <-> meta_53.csv using label col 'label'
2026-02-14 20:20:54,157 | INFO | Paired X_0.npy (n=2018) <-> meta_0.csv using label col 'label'
2026-02-14 20:20:54,216 | WARNING | Multiple meta matches for X_1.npy (n=2184). Using: meta_1.csv
2026-02-14 20:20:54,222 | INFO | Paired X_1.npy (n=2184) <-> meta_1.csv using label col 'label'
2026-02-14 20:20:54,254 | WARNING | Multiple meta matches for X_10.npy (n=2184). Using: meta_1.csv
2026-02-14 20:20:54,260 | INFO | Paired X_10.npy (n=2184) <-> meta_1.csv using label col 'label'
2026-02-14 20:20:54,291 | WARNING | Multiple meta matches for X_11.npy (n=2131). Using: meta_11.csv
2026-02-14 20:20:54,297 | INFO | Paired X_11.npy (n=2131) <-> meta_11.csv using label col 'label'
2026-02-14 20:20:54,335 | INFO | Paired X_12.npy (n=2020) <-> meta_12.csv using label col 'label'
2026-02-14 20:20:54,374 | INFO | Paired X_13.npy (n=2120) <-> meta_13.csv using label col 'label'
2026-02-14 20:20:54,416 | INFO | Paired X_14.npy (n=2083) <-> meta_14.csv using label col 'label'
2026-02-14 20:20:54,462 | WARNING | Multiple meta matches for X_15.npy (n=2114). Using: meta_15.csv
2026-02-14 20:20:54,471 | INFO | Paired X_15.npy (n=2114) <-> meta_15.csv using label col 'label'
2026-02-14 20:20:54,506 | INFO | Paired X_16.npy (n=2012) <-> meta_16.csv using label col 'label'
2026-02-14 20:20:54,540 | INFO | Paired X_17.npy (n=2166) <-> meta_17.csv using label col 'label'
2026-02-14 20:20:54,586 | INFO | Paired X_18.npy (n=2185) <-> meta_18.csv using label col 'label'
2026-02-14 20:20:54,639 | INFO | Paired X_19.npy (n=2034) <-> meta_19.csv using label col 'label'
2026-02-14 20:20:54,680 | INFO | Paired X_2.npy (n=2191) <-> meta_2.csv using label col 'label'
2026-02-14 20:20:54,722 | INFO | Paired X_20.npy (n=2157) <-> meta_20.csv using label col 'label'
2026-02-14 20:20:54,763 | INFO | Paired X_21.npy (n=2069) <-> meta_21.csv using label col 'label'
2026-02-14 20:20:54,807 | WARNING | Multiple meta matches for X_22.npy (n=2114). Using: meta_15.csv
2026-02-14 20:20:54,814 | INFO | Paired X_22.npy (n=2114) <-> meta_15.csv using label col 'label'
2026-02-14 20:20:54,855 | INFO | Paired X_23.npy (n=2194) <-> meta_23.csv using label col 'label'
2026-02-14 20:20:54,881 | WARNING | Multiple meta matches for X_24.npy (n=2131). Using: meta_11.csv
2026-02-14 20:20:54,889 | INFO | Paired X_24.npy (n=2131) <-> meta_11.csv using label col 'label'
2026-02-14 20:20:54,940 | INFO | Paired X_25.npy (n=2155) <-> meta_25.csv using label col 'label'
2026-02-14 20:20:54,986 | INFO | Paired X_26.npy (n=2063) <-> meta_26.csv using label col 'label'
2026-02-14 20:20:55,039 | INFO | Paired X_27.npy (n=2061) <-> meta_27.csv using label col 'label'
2026-02-14 20:20:55,078 | WARNING | Multiple meta matches for X_28.npy (n=2289). Using: meta_28.csv
2026-02-14 20:20:55,087 | INFO | Paired X_28.npy (n=2289) <-> meta_28.csv using label col 'label'
2026-02-14 20:20:55,132 | INFO | Paired X_29.npy (n=2137) <-> meta_29.csv using label col 'label'
2026-02-14 20:20:55,171 | INFO | Paired X_3.npy (n=2254) <-> meta_3.csv using label col 'label'
2026-02-14 20:20:55,223 | INFO | Paired X_30.npy (n=2068) <-> meta_30.csv using label col 'label'
2026-02-14 20:20:55,263 | INFO | Paired X_31.npy (n=2076) <-> meta_31.csv using label col 'label'
2026-02-14 20:20:55,311 | INFO | Paired X_32.npy (n=2211) <-> meta_32.csv using label col 'label'
2026-02-14 20:20:55,348 | INFO | Paired X_33.npy (n=2008) <-> meta_33.csv using label col 'label'
2026-02-14 20:20:55,373 | INFO | Paired X_34.npy (n=800) <-> meta_34.csv using label col 'label'
2026-02-14 20:20:55,422 | INFO | Paired X_4.npy (n=2489) <-> meta_4.csv using label col 'label'
2026-02-14 20:20:55,455 | INFO | Paired X_5.npy (n=2253) <-> meta_5.csv using label col 'label'
2026-02-14 20:20:55,497 | INFO | Paired X_6.npy (n=2140) <-> meta_6.csv using label col 'label'
2026-02-14 20:20:55,523 | WARNING | Multiple meta matches for X_7.npy (n=2289). Using: meta_28.csv
2026-02-14 20:20:55,529 | INFO | Paired X_7.npy (n=2289) <-> meta_28.csv using label col 'label'
2026-02-14 20:20:55,572 | INFO | Paired X_8.npy (n=2257) <-> meta_8.csv using label col 'label'
2026-02-14 20:20:55,607 | INFO | Paired X_9.npy (n=2024) <-> meta_9.csv using label col 'label'
2026-02-14 20:20:55,615 | INFO | Classes: [0, 1]
2026-02-14 20:20:55,615 | INFO | Train label counts: {0: 7970, 1: 380975}
2026-02-14 20:20:55,745 | INFO | Class weights (used in loss): [1.9590173959732056, 0.04098265990614891]
2026-02-14 20:20:55,774 | INFO | Input channels: 15
2026-02-14 20:20:55,777 | INFO | CNN1D(
  (features): Sequential(
    (0): Conv1d(15, 64, kernel_size=(7,), stride=(1,), padding=(3,))
    (1): BatchNorm1d(64, eps=1e-05, momentum=0.1, affine=True, track_running_stats=True)
    (2): ReLU(inplace=True)
    (3): MaxPool1d(kernel_size=2, stride=2, padding=0, dilation=1, ceil_mode=False)
    (4): Conv1d(64, 128, kernel_size=(5,), stride=(1,), padding=(2,))
    (5): BatchNorm1d(128, eps=1e-05, momentum=0.1, affine=True, track_running_stats=True)
    (6): ReLU(inplace=True)
    (7): MaxPool1d(kernel_size=2, stride=2, padding=0, dilation=1, ceil_mode=False)
    (8): Conv1d(128, 256, kernel_size=(3,), stride=(1,), padding=(1,))
    (9): BatchNorm1d(256, eps=1e-05, momentum=0.1, affine=True, track_running_stats=True)
    (10): ReLU(inplace=True)
  )
  (pool): AdaptiveAvgPool1d(output_size=1)
  (drop): Dropout(p=0.3, inplace=False)
  (classifier): Linear(in_features=256, out_features=2, bias=True)
)
2026-02-14 20:20:57,950 | INFO | ========== TRAINING ==========
