2026-02-25 17:52:30,280 | INFO | Logging to: /home/e20212/FYP/experiments/logs/cnn_teecnet_ds004504_AD_CN_derivatives_20260225_175230.log
2026-02-25 17:52:30,280 | INFO | ========== RUN START ==========
2026-02-25 17:52:30,280 | INFO | FYP root     : /home/e20212/FYP
2026-02-25 17:52:30,280 | INFO | Dataset root : /home/e20212/FYP/datasets/Openneuro004504
2026-02-25 17:52:30,280 | INFO | Out dir      : /home/e20212/FYP/data/ds004504_ad_cn_shards
2026-02-25 17:52:30,286 | INFO | Device: cuda
2026-02-25 17:52:30,320 | INFO | GPU: NVIDIA RTX 6000 Ada Generation
2026-02-25 17:52:30,323 | INFO | Shards already exist. Skipping rebuild.
2026-02-25 17:52:30,323 | INFO | ========== LOADING SHARDS ==========
2026-02-25 17:52:30,326 | INFO | [train] shard 0: n=1413 | X_0.npy
2026-02-25 17:52:30,330 | INFO | [train] shard 1: n=1413 | X_1.npy
2026-02-25 17:52:30,334 | INFO | [train] shard 2: n=1413 | X_2.npy
2026-02-25 17:52:30,337 | INFO | [train] shard 3: n=1413 | X_3.npy
2026-02-25 17:52:30,341 | INFO | [train] shard 4: n=1413 | X_4.npy
2026-02-25 17:52:30,344 | INFO | [train] shard 5: n=1413 | X_5.npy
2026-02-25 17:52:30,347 | INFO | [train] shard 6: n=4 | X_6.npy
2026-02-25 17:52:30,351 | INFO | [eval] shard 0: n=1413 | X_0.npy
2026-02-25 17:52:30,354 | INFO | [eval] shard 1: n=655 | X_1.npy
2026-02-25 17:52:30,358 | INFO | Example window: C=19, T=2500 | y=1
2026-02-25 17:52:30,626 | INFO | Train label counts: {0: 3816, 1: 4666}
2026-02-25 17:52:30,627 | INFO | Class weights     : [1.1002122141002477, 0.8997877858997524]
2026-02-25 17:52:30,832 | INFO | Model: CNN_TEECNet | params=182,306 | feature_dim=128
2026-02-25 17:52:30,832 | INFO | ========== TRAINING ==========
2026-02-25 17:52:47,743 | INFO | Epoch 001/30 | train_loss=0.3571 train_acc=0.8398 | val_loss=0.9945 val_acc=0.6339 val_balacc=0.6090 val_macroF1=0.5622 | lr=1.00e-03
2026-02-25 17:53:03,432 | INFO | Epoch 002/30 | train_loss=0.2095 train_acc=0.9141 | val_loss=0.5230 val_acc=0.7611 val_balacc=0.7706 val_macroF1=0.7594 | lr=1.00e-03
2026-02-25 17:53:19,133 | INFO | Epoch 003/30 | train_loss=0.1650 train_acc=0.9337 | val_loss=3.7246 val_acc=0.5063 val_balacc=0.5373 val_macroF1=0.4039 | lr=1.00e-03
2026-02-25 17:53:34,786 | INFO | Epoch 004/30 | train_loss=0.1273 train_acc=0.9520 | val_loss=1.4399 val_acc=0.6615 val_balacc=0.6784 val_macroF1=0.6475 | lr=1.00e-03
2026-02-25 17:53:50,489 | INFO | Epoch 005/30 | train_loss=0.1069 train_acc=0.9583 | val_loss=2.1987 val_acc=0.5885 val_balacc=0.5584 val_macroF1=0.4677 | lr=5.00e-04
2026-02-25 17:54:06,152 | INFO | Epoch 006/30 | train_loss=0.0798 train_acc=0.9710 | val_loss=0.6643 val_acc=0.8308 val_balacc=0.8270 val_macroF1=0.8286 | lr=5.00e-04
2026-02-25 17:54:21,687 | INFO | Epoch 007/30 | train_loss=0.0502 train_acc=0.9817 | val_loss=0.7214 val_acc=0.8269 val_balacc=0.8287 val_macroF1=0.8267 | lr=5.00e-04
2026-02-25 17:54:37,282 | INFO | Epoch 008/30 | train_loss=0.0391 train_acc=0.9848 | val_loss=1.2357 val_acc=0.7693 val_balacc=0.7568 val_macroF1=0.7559 | lr=2.50e-04
2026-02-25 17:54:52,931 | INFO | Epoch 009/30 | train_loss=0.0246 train_acc=0.9916 | val_loss=1.0915 val_acc=0.8061 val_balacc=0.8046 val_macroF1=0.8049 | lr=2.50e-04
2026-02-25 17:55:08,564 | INFO | Epoch 010/30 | train_loss=0.0287 train_acc=0.9908 | val_loss=0.7261 val_acc=0.8390 val_balacc=0.8354 val_macroF1=0.8370 | lr=2.50e-04
2026-02-25 17:55:24,191 | INFO | Epoch 011/30 | train_loss=0.0260 train_acc=0.9912 | val_loss=0.7375 val_acc=0.8482 val_balacc=0.8420 val_macroF1=0.8448 | lr=1.25e-04
2026-02-25 17:55:39,800 | INFO | Epoch 012/30 | train_loss=0.0141 train_acc=0.9950 | val_loss=1.2212 val_acc=0.8071 val_balacc=0.7958 val_macroF1=0.7973 | lr=1.25e-04
2026-02-25 17:55:55,443 | INFO | Epoch 013/30 | train_loss=0.0091 train_acc=0.9975 | val_loss=0.8687 val_acc=0.8370 val_balacc=0.8326 val_macroF1=0.8346 | lr=1.25e-04
2026-02-25 17:56:11,167 | INFO | Epoch 014/30 | train_loss=0.0096 train_acc=0.9972 | val_loss=1.1348 val_acc=0.8240 val_balacc=0.8129 val_macroF1=0.8152 | lr=6.25e-05
2026-02-25 17:56:26,963 | INFO | Epoch 015/30 | train_loss=0.0077 train_acc=0.9980 | val_loss=1.1809 val_acc=0.8288 val_balacc=0.8193 val_macroF1=0.8220 | lr=6.25e-05
2026-02-25 17:56:42,619 | INFO | Epoch 016/30 | train_loss=0.0090 train_acc=0.9973 | val_loss=0.9883 val_acc=0.8390 val_balacc=0.8305 val_macroF1=0.8336 | lr=6.25e-05
2026-02-25 17:56:58,278 | INFO | Epoch 017/30 | train_loss=0.0061 train_acc=0.9981 | val_loss=1.1374 val_acc=0.8298 val_balacc=0.8214 val_macroF1=0.8242 | lr=3.13e-05
2026-02-25 17:56:58,278 | INFO | Early stopping triggered.
2026-02-25 17:56:58,278 | INFO | Training time (sec): 267.45
2026-02-25 17:56:58,425 | INFO | Restored best model (best_val_balacc=0.8420)
2026-02-25 17:56:58,425 | INFO | ========== EVALUATION ==========
2026-02-25 17:57:00,285 | INFO | Classification report:
              precision    recall  f1-score   support

       CN(0)     0.9051    0.7529    0.8220       963
       AD(1)     0.8122    0.9312    0.8676      1105

    accuracy                         0.8482      2068
   macro avg     0.8586    0.8420    0.8448      2068
weighted avg     0.8554    0.8482    0.8464      2068

2026-02-25 17:57:00,286 | INFO | Confusion matrix:
[[ 725  238]
 [  76 1029]]
2026-02-25 17:57:00,364 | INFO | Saved model   : /home/e20212/FYP/models/cnn_teecnet_ds004504_AD_CN_derivatives_20260225_175230.pt
2026-02-25 17:57:00,364 | INFO | Saved metrics : /home/e20212/FYP/experiments/cnn_teecnet_ds004504_AD_CN_derivatives_20260225_175230/metrics.json
2026-02-25 17:57:00,364 | INFO | ========== RUN END ==========
