2026-02-26 13:19:52,464 | INFO | Logging to: /home/e20212/FYP/experiments/logs/CNN_only.log
2026-02-26 13:19:52,464 | INFO | ========== RUN START ==========
2026-02-26 13:19:52,464 | INFO | FYP root     : /home/e20212/FYP
2026-02-26 13:19:52,464 | INFO | Dataset root : /home/e20212/FYP/datasets/Openneuro004504
2026-02-26 13:19:52,464 | INFO | Out dir      : /home/e20212/FYP/data/ds004504_ad_cn_shards
2026-02-26 13:19:52,507 | INFO | Device: cuda
2026-02-26 13:19:52,536 | INFO | GPU: NVIDIA RTX 6000 Ada Generation
2026-02-26 13:19:52,610 | INFO | Subjects present in derivatives: 88
2026-02-26 13:19:52,610 | INFO | Binary subjects (AD+CN)        : 65 | AD=36 CN=29
2026-02-26 13:19:52,612 | INFO | Split by subject: train=52 eval=13
2026-02-26 13:19:52,613 | INFO | Shards already exist. Skipping rebuild.
2026-02-26 13:19:52,613 | INFO | ========== LOADING SHARDS ==========
2026-02-26 13:19:52,616 | INFO | [train] shard 0: n=1413 | X_0.npy
2026-02-26 13:19:52,619 | INFO | [train] shard 1: n=1413 | X_1.npy
2026-02-26 13:19:52,622 | INFO | [train] shard 2: n=1413 | X_2.npy
2026-02-26 13:19:52,625 | INFO | [train] shard 3: n=1413 | X_3.npy
2026-02-26 13:19:52,628 | INFO | [train] shard 4: n=1413 | X_4.npy
2026-02-26 13:19:52,630 | INFO | [train] shard 5: n=1413 | X_5.npy
2026-02-26 13:19:52,633 | INFO | [train] shard 6: n=4 | X_6.npy
2026-02-26 13:19:52,636 | INFO | [eval] shard 0: n=1413 | X_0.npy
2026-02-26 13:19:52,639 | INFO | [eval] shard 1: n=655 | X_1.npy
2026-02-26 13:19:52,642 | INFO | Input channels: 19 | Example y=1
2026-02-26 13:19:52,748 | INFO | Train label counts: {0: 3816, 1: 4666}
2026-02-26 13:19:52,748 | INFO | Class weights     : [1.1002122141002477, 0.8997877858997524]
2026-02-26 13:19:52,809 | INFO | Model: DeeperCNN1D | total_params=11,155,650 | trainable_params=11,155,650
2026-02-26 13:19:54,292 | INFO | ========== TRAINING ==========
2026-02-26 13:20:10,050 | INFO | Epoch 001/30 | train_loss=0.6156 train_acc=0.6285 | val_loss=0.9486 val_acc=0.6997 val_balacc=0.6797 val_macroF1=0.6610 | lr=1.00e-03
2026-02-26 13:20:25,631 | INFO | Epoch 002/30 | train_loss=0.4219 train_acc=0.8056 | val_loss=1.4480 val_acc=0.5774 val_balacc=0.5469 val_macroF1=0.4504 | lr=1.00e-03
2026-02-26 13:20:41,130 | INFO | Epoch 003/30 | train_loss=0.3359 train_acc=0.8532 | val_loss=0.9795 val_acc=0.6397 val_balacc=0.6143 val_macroF1=0.5655 | lr=1.00e-03
2026-02-26 13:20:56,599 | INFO | Epoch 004/30 | train_loss=0.2660 train_acc=0.8893 | val_loss=0.5077 val_acc=0.7771 val_balacc=0.7840 val_macroF1=0.7766 | lr=1.00e-03
2026-02-26 13:21:12,083 | INFO | Epoch 005/30 | train_loss=0.2270 train_acc=0.9120 | val_loss=0.5034 val_acc=0.7901 val_balacc=0.7971 val_macroF1=0.7897 | lr=1.00e-03
2026-02-26 13:21:27,378 | INFO | Epoch 006/30 | train_loss=0.2058 train_acc=0.9217 | val_loss=0.5432 val_acc=0.7756 val_balacc=0.7799 val_macroF1=0.7756 | lr=1.00e-03
2026-02-26 13:21:42,775 | INFO | Epoch 007/30 | train_loss=0.1694 train_acc=0.9347 | val_loss=0.5374 val_acc=0.7819 val_balacc=0.7778 val_macroF1=0.7791 | lr=1.00e-03
2026-02-26 13:21:58,272 | INFO | Epoch 008/30 | train_loss=0.1421 train_acc=0.9467 | val_loss=0.8953 val_acc=0.7360 val_balacc=0.7199 val_macroF1=0.7129 | lr=5.00e-04
2026-02-26 13:22:13,847 | INFO | Epoch 009/30 | train_loss=0.1110 train_acc=0.9580 | val_loss=1.3756 val_acc=0.6770 val_balacc=0.6554 val_macroF1=0.6290 | lr=5.00e-04
2026-02-26 13:22:29,261 | INFO | Epoch 010/30 | train_loss=0.1049 train_acc=0.9619 | val_loss=0.6617 val_acc=0.7877 val_balacc=0.7814 val_macroF1=0.7831 | lr=5.00e-04
2026-02-26 13:22:44,699 | INFO | Epoch 011/30 | train_loss=0.0877 train_acc=0.9662 | val_loss=1.0517 val_acc=0.7693 val_balacc=0.7567 val_macroF1=0.7558 | lr=2.50e-04
2026-02-26 13:23:00,151 | INFO | Epoch 012/30 | train_loss=0.0759 train_acc=0.9729 | val_loss=0.6384 val_acc=0.8216 val_balacc=0.8178 val_macroF1=0.8194 | lr=2.50e-04
2026-02-26 13:23:15,682 | INFO | Epoch 013/30 | train_loss=0.0715 train_acc=0.9745 | val_loss=0.6734 val_acc=0.8119 val_balacc=0.8078 val_macroF1=0.8094 | lr=2.50e-04
2026-02-26 13:23:31,150 | INFO | Epoch 014/30 | train_loss=0.0613 train_acc=0.9784 | val_loss=1.5420 val_acc=0.6949 val_balacc=0.6752 val_macroF1=0.6570 | lr=1.25e-04
2026-02-26 13:23:46,757 | INFO | Epoch 015/30 | train_loss=0.0551 train_acc=0.9802 | val_loss=0.7290 val_acc=0.8109 val_balacc=0.8075 val_macroF1=0.8088 | lr=1.25e-04
2026-02-26 13:24:02,175 | INFO | Epoch 016/30 | train_loss=0.0453 train_acc=0.9834 | val_loss=0.7281 val_acc=0.8196 val_balacc=0.8190 val_macroF1=0.8189 | lr=1.25e-04
2026-02-26 13:24:17,695 | INFO | Epoch 017/30 | train_loss=0.0469 train_acc=0.9833 | val_loss=0.7402 val_acc=0.8254 val_balacc=0.8236 val_macroF1=0.8242 | lr=6.25e-05
2026-02-26 13:24:33,197 | INFO | Epoch 018/30 | train_loss=0.0397 train_acc=0.9855 | val_loss=0.8064 val_acc=0.8167 val_balacc=0.8133 val_macroF1=0.8147 | lr=6.25e-05
2026-02-26 13:24:48,660 | INFO | Epoch 019/30 | train_loss=0.0391 train_acc=0.9861 | val_loss=0.7486 val_acc=0.8288 val_balacc=0.8257 val_macroF1=0.8270 | lr=6.25e-05
2026-02-26 13:25:04,064 | INFO | Epoch 020/30 | train_loss=0.0352 train_acc=0.9862 | val_loss=1.0050 val_acc=0.8182 val_balacc=0.8099 val_macroF1=0.8124 | lr=3.13e-05
2026-02-26 13:25:19,541 | INFO | Epoch 021/30 | train_loss=0.0313 train_acc=0.9890 | val_loss=0.8117 val_acc=0.8235 val_balacc=0.8205 val_macroF1=0.8217 | lr=3.13e-05
2026-02-26 13:25:35,006 | INFO | Epoch 022/30 | train_loss=0.0365 train_acc=0.9871 | val_loss=0.8359 val_acc=0.8245 val_balacc=0.8201 val_macroF1=0.8219 | lr=3.13e-05
2026-02-26 13:25:50,498 | INFO | Epoch 023/30 | train_loss=0.0353 train_acc=0.9879 | val_loss=0.9104 val_acc=0.8177 val_balacc=0.8116 val_macroF1=0.8138 | lr=1.56e-05
2026-02-26 13:26:05,850 | INFO | Epoch 024/30 | train_loss=0.0301 train_acc=0.9903 | val_loss=0.8202 val_acc=0.8293 val_balacc=0.8255 val_macroF1=0.8271 | lr=1.56e-05
2026-02-26 13:26:21,206 | INFO | Epoch 025/30 | train_loss=0.0331 train_acc=0.9879 | val_loss=0.8762 val_acc=0.8225 val_balacc=0.8177 val_macroF1=0.8196 | lr=1.56e-05
2026-02-26 13:26:36,615 | INFO | Epoch 026/30 | train_loss=0.0302 train_acc=0.9882 | val_loss=0.8441 val_acc=0.8250 val_balacc=0.8214 val_macroF1=0.8229 | lr=7.81e-06
2026-02-26 13:26:52,103 | INFO | Epoch 027/30 | train_loss=0.0287 train_acc=0.9893 | val_loss=0.8443 val_acc=0.8245 val_balacc=0.8213 val_macroF1=0.8226 | lr=7.81e-06
2026-02-26 13:27:07,599 | INFO | Epoch 028/30 | train_loss=0.0290 train_acc=0.9890 | val_loss=0.8637 val_acc=0.8230 val_balacc=0.8198 val_macroF1=0.8211 | lr=7.81e-06
2026-02-26 13:27:23,008 | INFO | Epoch 029/30 | train_loss=0.0287 train_acc=0.9893 | val_loss=0.9289 val_acc=0.8196 val_balacc=0.8139 val_macroF1=0.8160 | lr=3.91e-06
2026-02-26 13:27:38,445 | INFO | Epoch 030/30 | train_loss=0.0296 train_acc=0.9887 | val_loss=0.8685 val_acc=0.8264 val_balacc=0.8225 val_macroF1=0.8242 | lr=3.91e-06
2026-02-26 13:27:38,446 | INFO | Training time (sec): 464.15
2026-02-26 13:27:38,457 | INFO | Restored best model (best_val_balacc=0.8257)
2026-02-26 13:27:38,457 | INFO | ========== EVALUATION ==========
2026-02-26 13:27:40,323 | INFO | Classification report:
              precision    recall  f1-score   support

       CN(0)     0.8410    0.7799    0.8093       963
       AD(1)     0.8196    0.8715    0.8447      1105

    accuracy                         0.8288      2068
   macro avg     0.8303    0.8257    0.8270      2068
weighted avg     0.8295    0.8288    0.8282      2068

2026-02-26 13:27:40,324 | INFO | Confusion matrix:
[[751 212]
 [142 963]]
2026-02-26 13:27:44,341 | INFO | Saved model   : /home/e20212/FYP/models/deepercnn1d_ds004504_AD_CN_derivatives_20260226_131952.pt
2026-02-26 13:27:44,341 | INFO | Saved metrics : /home/e20212/FYP/experiments/deepercnn1d_ds004504_AD_CN_derivatives_20260226_131952/metrics.json
2026-02-26 13:27:44,341 | INFO | ========== RUN END ==========
